<!DOCTYPE html>

<html>
  <head>
  <meta charset='utf-8'>
  <title>TestNG reports</title>

    <link type="text/css" href="testng-reports1.css" rel="stylesheet" id="ultra" />
    <link type="text/css" href="testng-reports.css" rel="stylesheet" id="retro" disabled="false"/>
    <script type="text/javascript" src="jquery-3.6.0.min.js"></script>
    <script type="text/javascript" src="testng-reports.js"></script>
    <script type="text/javascript" src="https://www.google.com/jsapi"></script>
    <script type='text/javascript'>
      google.load('visualization', '1', {packages:['table']});
      google.setOnLoadCallback(drawTable);
      var suiteTableInitFunctions = new Array();
      var suiteTableData = new Array();
    </script>
    <!--
      <script type="text/javascript" src="jquery-ui/js/jquery-ui-1.8.16.custom.min.js"></script>
     -->
  </head>

  <body>    <div class="top-banner-root">
      <span class="top-banner-title-font">Test results</span>
      <button id="button" class="button">Switch Retro Theme</button> <!-- button -->
      <br/>
      <span class="top-banner-font-1">1 suite, 4 failed tests</span>
    </div> <!-- top-banner-root -->
    <div class="navigator-root">
      <div class="navigator-suite-header">
        <span>All suites</span>
        <a href="#" title="Collapse/expand all the suites" class="collapse-all-link">
          <img src="collapseall.gif" class="collapse-all-icon">
          </img> <!-- collapse-all-icon -->
        </a> <!-- collapse-all-link -->
      </div> <!-- navigator-suite-header -->
      <div class="suite">
        <div class="rounded-window">
          <div class="suite-header light-rounded-window-top">
            <a href="#" panel-name="suite-ExpressCart_Shopping_Cart_Test_Suite" class="navigator-link">
              <span class="suite-name border-failed">ExpressCart Shopping Cart Test Suite</span>
            </a> <!-- navigator-link -->
          </div> <!-- suite-header light-rounded-window-top -->
          <div class="navigator-suite-content">
            <div class="suite-section-title">
              <span>Info</span>
            </div> <!-- suite-section-title -->
            <div class="suite-section-content">
              <ul>
                <li>
                  <a href="#" panel-name="test-xml-ExpressCart_Shopping_Cart_Test_Suite" class="navigator-link ">
                    <span>C:\Users\DavidDlhz\Documents\sqasa-prueba\CartAutomation\testng.xml</span>
                  </a> <!-- navigator-link  -->
                </li>
                <li>
                  <a href="#" panel-name="testlist-ExpressCart_Shopping_Cart_Test_Suite" class="navigator-link ">
                    <span class="test-stats">2 tests</span>
                  </a> <!-- navigator-link  -->
                </li>
                <li>
                  <a href="#" panel-name="group-ExpressCart_Shopping_Cart_Test_Suite" class="navigator-link ">
                    <span>0 groups</span>
                  </a> <!-- navigator-link  -->
                </li>
                <li>
                  <a href="#" panel-name="times-ExpressCart_Shopping_Cart_Test_Suite" class="navigator-link ">
                    <span>Times</span>
                  </a> <!-- navigator-link  -->
                </li>
                <li>
                  <a href="#" panel-name="reporter-ExpressCart_Shopping_Cart_Test_Suite" class="navigator-link ">
                    <span>Reporter output</span>
                  </a> <!-- navigator-link  -->
                </li>
                <li>
                  <a href="#" panel-name="ignored-methods-ExpressCart_Shopping_Cart_Test_Suite" class="navigator-link ">
                    <span>Ignored methods</span>
                  </a> <!-- navigator-link  -->
                </li>
                <li>
                  <a href="#" panel-name="chronological-ExpressCart_Shopping_Cart_Test_Suite" class="navigator-link ">
                    <span>Chronological view</span>
                  </a> <!-- navigator-link  -->
                </li>
              </ul>
            </div> <!-- suite-section-content -->
            <div class="result-section">
              <div class="suite-section-title">
                <span>Results</span>
              </div> <!-- suite-section-title -->
              <div class="suite-section-content">
                <ul>
                  <li>
                    <span class="method-stats">6 methods, 4 failed,   2 passed</span>
                  </li>
                  <li>
                    <span class="method-list-title failed">Failed methods</span>
                    <span class="show-or-hide-methods failed">
                      <a href="#" panel-name="suite-ExpressCart_Shopping_Cart_Test_Suite" class="hide-methods failed suite-ExpressCart_Shopping_Cart_Test_Suite"> (hide)</a> <!-- hide-methods failed suite-ExpressCart_Shopping_Cart_Test_Suite -->
                      <a href="#" panel-name="suite-ExpressCart_Shopping_Cart_Test_Suite" class="show-methods failed suite-ExpressCart_Shopping_Cart_Test_Suite"> (show)</a> <!-- show-methods failed suite-ExpressCart_Shopping_Cart_Test_Suite -->
                    </span>
                    <div class="method-list-content failed suite-ExpressCart_Shopping_Cart_Test_Suite">
                      <span>
                        <img src="failed.png" width="3%"/>
                        <a href="#" panel-name="suite-ExpressCart_Shopping_Cart_Test_Suite" title="com.expresscart.tests.CartFunctionalityTest" class="method navigator-link" hash-for-method="testAddProductToCart">testAddProductToCart</a> <!-- method navigator-link -->
                      </span>
                      <br/>
                      <span>
                        <img src="failed.png" width="3%"/>
                        <a href="#" panel-name="suite-ExpressCart_Shopping_Cart_Test_Suite" title="com.expresscart.tests.CartFunctionalityTest" class="method navigator-link" hash-for-method="testCartTotalCalculation">testCartTotalCalculation</a> <!-- method navigator-link -->
                      </span>
                      <br/>
                      <span>
                        <img src="failed.png" width="3%"/>
                        <a href="#" panel-name="suite-ExpressCart_Shopping_Cart_Test_Suite" title="com.expresscart.tests.CartFunctionalityTest" class="method navigator-link" hash-for-method="testMaxQuantityLimit">testMaxQuantityLimit</a> <!-- method navigator-link -->
                      </span>
                      <br/>
                      <span>
                        <img src="failed.png" width="3%"/>
                        <a href="#" panel-name="suite-ExpressCart_Shopping_Cart_Test_Suite" title="com.expresscart.tests.CartFunctionalityTest" class="method navigator-link" hash-for-method="testRemoveProductFromCart">testRemoveProductFromCart</a> <!-- method navigator-link -->
                      </span>
                      <br/>
                    </div> <!-- method-list-content failed suite-ExpressCart_Shopping_Cart_Test_Suite -->
                  </li>
                  <li>
                    <span class="method-list-title passed">Passed methods</span>
                    <span class="show-or-hide-methods passed">
                      <a href="#" panel-name="suite-ExpressCart_Shopping_Cart_Test_Suite" class="hide-methods passed suite-ExpressCart_Shopping_Cart_Test_Suite"> (hide)</a> <!-- hide-methods passed suite-ExpressCart_Shopping_Cart_Test_Suite -->
                      <a href="#" panel-name="suite-ExpressCart_Shopping_Cart_Test_Suite" class="show-methods passed suite-ExpressCart_Shopping_Cart_Test_Suite"> (show)</a> <!-- show-methods passed suite-ExpressCart_Shopping_Cart_Test_Suite -->
                    </span>
                    <div class="method-list-content passed suite-ExpressCart_Shopping_Cart_Test_Suite">
                      <span>
                        <img src="passed.png" width="3%"/>
                        <a href="#" panel-name="suite-ExpressCart_Shopping_Cart_Test_Suite" title="com.expresscart.tests.CartErrorHandlingTest" class="method navigator-link" hash-for-method="testInvalidQuantityError">testInvalidQuantityError</a> <!-- method navigator-link -->
                      </span>
                      <br/>
                      <span>
                        <img src="passed.png" width="3%"/>
                        <a href="#" panel-name="suite-ExpressCart_Shopping_Cart_Test_Suite" title="com.expresscart.tests.CartErrorHandlingTest" class="method navigator-link" hash-for-method="testServerErrorHandling">testServerErrorHandling</a> <!-- method navigator-link -->
                      </span>
                      <br/>
                    </div> <!-- method-list-content passed suite-ExpressCart_Shopping_Cart_Test_Suite -->
                  </li>
                </ul>
              </div> <!-- suite-section-content -->
            </div> <!-- result-section -->
          </div> <!-- navigator-suite-content -->
        </div> <!-- rounded-window -->
      </div> <!-- suite -->
    </div> <!-- navigator-root -->
    <div class="wrapper">
      <div class="main-panel-root">
        <div panel-name="suite-ExpressCart_Shopping_Cart_Test_Suite" class="panel ExpressCart_Shopping_Cart_Test_Suite">
          <div class="suite-ExpressCart_Shopping_Cart_Test_Suite-class-failed">
            <div class="main-panel-header rounded-window-top">
              <img src="failed.png"/>
              <span class="class-name">com.expresscart.tests.CartFunctionalityTest</span>
            </div> <!-- main-panel-header rounded-window-top -->
            <div class="main-panel-content rounded-window-bottom">
              <div class="method">
                <div class="method-content">
                  <a name="testAddProductToCart">
                  </a> <!-- testAddProductToCart -->
                  <span class="method-name">testAddProductToCart</span>
                  <div class="stack-trace">java.lang.AssertionError: El carrito no debería estar vacío expected [false] but found [true]
	at com.expresscart.tests.CartFunctionalityTest.testAddProductToCart(CartFunctionalityTest.java:39)
	at java.base/java.util.ArrayList.forEach(ArrayList.java:1597)
	at java.base/java.util.concurrent.FutureTask.run(FutureTask.java:317)
	at java.base/java.util.concurrent.ThreadPoolExecutor.runWorker(ThreadPoolExecutor.java:1144)
	at java.base/java.util.concurrent.ThreadPoolExecutor$Worker.run(ThreadPoolExecutor.java:642)
	at java.base/java.lang.Thread.run(Thread.java:1570)
... Removed 18 stack frames
</div> <!-- stack-trace -->
                </div> <!-- method-content -->
              </div> <!-- method -->
              <div class="method">
                <div class="method-content">
                  <a name="testCartTotalCalculation">
                  </a> <!-- testCartTotalCalculation -->
                  <span class="method-name">testCartTotalCalculation</span>
                  <div class="stack-trace">java.lang.AssertionError: La cantidad del producto debería ser 2 expected [2] but found [0]
	at com.expresscart.tests.CartFunctionalityTest.testCartTotalCalculation(CartFunctionalityTest.java:128)
	at java.base/java.util.ArrayList.forEach(ArrayList.java:1597)
	at java.base/java.util.concurrent.FutureTask.run(FutureTask.java:317)
	at java.base/java.util.concurrent.ThreadPoolExecutor.runWorker(ThreadPoolExecutor.java:1144)
	at java.base/java.util.concurrent.ThreadPoolExecutor$Worker.run(ThreadPoolExecutor.java:642)
	at java.base/java.lang.Thread.run(Thread.java:1570)
... Removed 21 stack frames
</div> <!-- stack-trace -->
                </div> <!-- method-content -->
              </div> <!-- method -->
              <div class="method">
                <div class="method-content">
                  <a name="testMaxQuantityLimit">
                  </a> <!-- testMaxQuantityLimit -->
                  <span class="method-name">testMaxQuantityLimit</span>
                  <div class="stack-trace">java.lang.AssertionError: La cantidad del producto debería limitarse al máximo configurado (10) expected [10] but found [0]
	at com.expresscart.tests.CartFunctionalityTest.testMaxQuantityLimit(CartFunctionalityTest.java:168)
	at java.base/java.util.ArrayList.forEach(ArrayList.java:1597)
	at java.base/java.util.concurrent.FutureTask.run(FutureTask.java:317)
	at java.base/java.util.concurrent.ThreadPoolExecutor.runWorker(ThreadPoolExecutor.java:1144)
	at java.base/java.util.concurrent.ThreadPoolExecutor$Worker.run(ThreadPoolExecutor.java:642)
	at java.base/java.lang.Thread.run(Thread.java:1570)
... Removed 21 stack frames
</div> <!-- stack-trace -->
                </div> <!-- method-content -->
              </div> <!-- method -->
              <div class="method">
                <div class="method-content">
                  <a name="testRemoveProductFromCart">
                  </a> <!-- testRemoveProductFromCart -->
                  <span class="method-name">testRemoveProductFromCart</span>
                  <div class="stack-trace">java.lang.AssertionError: El carrito debería tener 2 productos expected [2] but found [0]
	at com.expresscart.tests.CartFunctionalityTest.testRemoveProductFromCart(CartFunctionalityTest.java:81)
	at java.base/java.util.ArrayList.forEach(ArrayList.java:1597)
	at java.base/java.util.concurrent.FutureTask.run(FutureTask.java:317)
	at java.base/java.util.concurrent.ThreadPoolExecutor.runWorker(ThreadPoolExecutor.java:1144)
	at java.base/java.util.concurrent.ThreadPoolExecutor$Worker.run(ThreadPoolExecutor.java:642)
	at java.base/java.lang.Thread.run(Thread.java:1570)
... Removed 21 stack frames
</div> <!-- stack-trace -->
                </div> <!-- method-content -->
              </div> <!-- method -->
            </div> <!-- main-panel-content rounded-window-bottom -->
          </div> <!-- suite-ExpressCart_Shopping_Cart_Test_Suite-class-failed -->
          <div class="suite-ExpressCart_Shopping_Cart_Test_Suite-class-passed">
            <div class="main-panel-header rounded-window-top">
              <img src="passed.png"/>
              <span class="class-name">com.expresscart.tests.CartErrorHandlingTest</span>
            </div> <!-- main-panel-header rounded-window-top -->
            <div class="main-panel-content rounded-window-bottom">
              <div class="method">
                <div class="method-content">
                  <a name="testInvalidQuantityError">
                  </a> <!-- testInvalidQuantityError -->
                  <span class="method-name">testInvalidQuantityError</span>
                  <em>
(Probar manejo de error con cantidad inválida)                  </em>
                </div> <!-- method-content -->
              </div> <!-- method -->
              <div class="method">
                <div class="method-content">
                  <a name="testServerErrorHandling">
                  </a> <!-- testServerErrorHandling -->
                  <span class="method-name">testServerErrorHandling</span>
                  <em>
(Probar manejo de error del servidor (código 500))                  </em>
                </div> <!-- method-content -->
              </div> <!-- method -->
            </div> <!-- main-panel-content rounded-window-bottom -->
          </div> <!-- suite-ExpressCart_Shopping_Cart_Test_Suite-class-passed -->
        </div> <!-- panel ExpressCart_Shopping_Cart_Test_Suite -->
        <div panel-name="test-xml-ExpressCart_Shopping_Cart_Test_Suite" class="panel">
          <div class="main-panel-header rounded-window-top">
            <span class="header-content">C:\Users\DavidDlhz\Documents\sqasa-prueba\CartAutomation\testng.xml</span>
          </div> <!-- main-panel-header rounded-window-top -->
          <div class="main-panel-content rounded-window-bottom">
            <pre>
&lt;?xml version=&quot;1.0&quot; encoding=&quot;UTF-8&quot;?&gt;
&lt;!DOCTYPE suite SYSTEM &quot;https://testng.org/testng-1.0.dtd&quot;&gt;
&lt;suite thread-count=&quot;2&quot; parallel=&quot;tests&quot; name=&quot;ExpressCart Shopping Cart Test Suite&quot; guice-stage=&quot;DEVELOPMENT&quot; verbose=&quot;0&quot;&gt;
  &lt;test thread-count=&quot;2&quot; parallel=&quot;tests&quot; name=&quot;Shopping Cart Functionality Tests&quot; verbose=&quot;0&quot;&gt;
    &lt;classes&gt;
      &lt;class name=&quot;com.expresscart.tests.CartFunctionalityTest&quot;/&gt;
    &lt;/classes&gt;
  &lt;/test&gt; &lt;!-- Shopping Cart Functionality Tests --&gt;
  &lt;test thread-count=&quot;2&quot; parallel=&quot;tests&quot; name=&quot;Shopping Cart Error Handling Tests&quot; verbose=&quot;0&quot;&gt;
    &lt;classes&gt;
      &lt;class name=&quot;com.expresscart.tests.CartErrorHandlingTest&quot;/&gt;
    &lt;/classes&gt;
  &lt;/test&gt; &lt;!-- Shopping Cart Error Handling Tests --&gt;
&lt;/suite&gt; &lt;!-- ExpressCart Shopping Cart Test Suite --&gt;
            </pre>
          </div> <!-- main-panel-content rounded-window-bottom -->
        </div> <!-- panel -->
        <div panel-name="testlist-ExpressCart_Shopping_Cart_Test_Suite" class="panel">
          <div class="main-panel-header rounded-window-top">
            <span class="header-content">Tests for ExpressCart Shopping Cart Test Suite</span>
          </div> <!-- main-panel-header rounded-window-top -->
          <div class="main-panel-content rounded-window-bottom">
            <ul>
              <li>
                <span class="test-name">Shopping Cart Functionality Tests (1 class)</span>
              </li>
              <li>
                <span class="test-name">Shopping Cart Error Handling Tests (1 class)</span>
              </li>
            </ul>
          </div> <!-- main-panel-content rounded-window-bottom -->
        </div> <!-- panel -->
        <div panel-name="group-ExpressCart_Shopping_Cart_Test_Suite" class="panel">
          <div class="main-panel-header rounded-window-top">
            <span class="header-content">Groups for ExpressCart Shopping Cart Test Suite</span>
          </div> <!-- main-panel-header rounded-window-top -->
          <div class="main-panel-content rounded-window-bottom">
          </div> <!-- main-panel-content rounded-window-bottom -->
        </div> <!-- panel -->
        <div panel-name="times-ExpressCart_Shopping_Cart_Test_Suite" class="panel">
          <div class="main-panel-header rounded-window-top">
            <span class="header-content">Times for ExpressCart Shopping Cart Test Suite</span>
          </div> <!-- main-panel-header rounded-window-top -->
          <div class="main-panel-content rounded-window-bottom">
            <div class="times-div">
              <script type="text/javascript">
suiteTableInitFunctions.push('tableData_ExpressCart_Shopping_Cart_Test_Suite');
function tableData_ExpressCart_Shopping_Cart_Test_Suite() {
var data = new google.visualization.DataTable();
data.addColumn('number', 'Number');
data.addColumn('string', 'Method');
data.addColumn('string', 'Class');
data.addColumn('number', 'Time (ms)');
data.addRows(6);
data.setCell(0, 0, 0)
data.setCell(0, 1, 'testRemoveProductFromCart')
data.setCell(0, 2, 'com.expresscart.tests.CartFunctionalityTest')
data.setCell(0, 3, 8861);
data.setCell(1, 0, 1)
data.setCell(1, 1, 'testAddProductToCart')
data.setCell(1, 2, 'com.expresscart.tests.CartFunctionalityTest')
data.setCell(1, 3, 5203);
data.setCell(2, 0, 2)
data.setCell(2, 1, 'testCartTotalCalculation')
data.setCell(2, 2, 'com.expresscart.tests.CartFunctionalityTest')
data.setCell(2, 3, 2696);
data.setCell(3, 0, 3)
data.setCell(3, 1, 'testMaxQuantityLimit')
data.setCell(3, 2, 'com.expresscart.tests.CartFunctionalityTest')
data.setCell(3, 3, 2542);
data.setCell(4, 0, 4)
data.setCell(4, 1, 'testInvalidQuantityError')
data.setCell(4, 2, 'com.expresscart.tests.CartErrorHandlingTest')
data.setCell(4, 3, 2367);
data.setCell(5, 0, 5)
data.setCell(5, 1, 'testServerErrorHandling')
data.setCell(5, 2, 'com.expresscart.tests.CartErrorHandlingTest')
data.setCell(5, 3, 1765);
window.suiteTableData['ExpressCart_Shopping_Cart_Test_Suite']= { tableData: data, tableDiv: 'times-div-ExpressCart_Shopping_Cart_Test_Suite'}
return data;
}
              </script>
              <span class="suite-total-time">Total running time: 32 seconds</span>
              <div id="times-div-ExpressCart_Shopping_Cart_Test_Suite">
              </div> <!-- times-div-ExpressCart_Shopping_Cart_Test_Suite -->
            </div> <!-- times-div -->
          </div> <!-- main-panel-content rounded-window-bottom -->
        </div> <!-- panel -->
        <div panel-name="reporter-ExpressCart_Shopping_Cart_Test_Suite" class="panel">
          <div class="main-panel-header rounded-window-top">
            <span class="header-content">Reporter output for ExpressCart Shopping Cart Test Suite</span>
          </div> <!-- main-panel-header rounded-window-top -->
          <div class="main-panel-content rounded-window-bottom">
          </div> <!-- main-panel-content rounded-window-bottom -->
        </div> <!-- panel -->
        <div panel-name="ignored-methods-ExpressCart_Shopping_Cart_Test_Suite" class="panel">
          <div class="main-panel-header rounded-window-top">
            <span class="header-content">0 ignored methods</span>
          </div> <!-- main-panel-header rounded-window-top -->
          <div class="main-panel-content rounded-window-bottom">
          </div> <!-- main-panel-content rounded-window-bottom -->
        </div> <!-- panel -->
        <div panel-name="chronological-ExpressCart_Shopping_Cart_Test_Suite" class="panel">
          <div class="main-panel-header rounded-window-top">
            <span class="header-content">Methods in chronological order</span>
          </div> <!-- main-panel-header rounded-window-top -->
          <div class="main-panel-content rounded-window-bottom">
            <div class="chronological-class">
              <div class="chronological-class-name">com.expresscart.tests.CartFunctionalityTest</div> <!-- chronological-class-name -->
              <div class="configuration-method before">
                <span class="method-name">setUp(chrome, false)</span>
                <span class="method-start">0 ms</span>
              </div> <!-- configuration-method before -->
            </div> <!-- chronological-class -->
            <div class="chronological-class">
              <div class="chronological-class-name">com.expresscart.tests.CartErrorHandlingTest</div> <!-- chronological-class-name -->
              <div class="configuration-method before">
                <span class="method-name">setUp(chrome, false)</span>
                <span class="method-start">0 ms</span>
              </div> <!-- configuration-method before -->
            </div> <!-- chronological-class -->
            <div class="chronological-class">
              <div class="chronological-class-name">com.expresscart.tests.CartFunctionalityTest</div> <!-- chronological-class-name -->
              <div class="test-method">
                <img src="failed.png">
                </img>
                <span class="method-name">testAddProductToCart</span>
                <span class="method-start">6184 ms</span>
              </div> <!-- test-method -->
            </div> <!-- chronological-class -->
            <div class="chronological-class">
              <div class="chronological-class-name">com.expresscart.tests.CartErrorHandlingTest</div> <!-- chronological-class-name -->
              <div class="test-method">
                <span class="method-name">testInvalidQuantityError</span>
                <span class="method-start">6184 ms</span>
              </div> <!-- test-method -->
              <div class="configuration-method after">
                <span class="method-name">tearDown([TestResult name=testInvalidQuantityError status=SUCCESS method=CartErrorHandlingTest.testInvalidQua...)</span>
                <span class="method-start">8557 ms</span>
              </div> <!-- configuration-method after -->
              <div class="configuration-method before">
                <span class="method-name">setUp(chrome, false)</span>
                <span class="method-start">9224 ms</span>
              </div> <!-- configuration-method before -->
              <div class="test-method">
                <span class="method-name">testServerErrorHandling</span>
                <span class="method-start">10307 ms</span>
              </div> <!-- test-method -->
            </div> <!-- chronological-class -->
            <div class="chronological-class">
              <div class="chronological-class-name">com.expresscart.tests.CartFunctionalityTest</div> <!-- chronological-class-name -->
              <div class="configuration-method after">
                <span class="method-name">tearDown([TestResult name=testAddProductToCart status=FAILURE method=CartFunctionalityTest.testAddProductToCa...)</span>
                <span class="method-start">11398 ms</span>
              </div> <!-- configuration-method after -->
              <div class="configuration-method before">
                <span class="method-name">setUp(chrome, false)</span>
                <span class="method-start">11822 ms</span>
              </div> <!-- configuration-method before -->
            </div> <!-- chronological-class -->
            <div class="chronological-class">
              <div class="chronological-class-name">com.expresscart.tests.CartErrorHandlingTest</div> <!-- chronological-class-name -->
              <div class="configuration-method after">
                <span class="method-name">tearDown([TestResult name=testServerErrorHandling status=SUCCESS method=CartErrorHandlingTest.testServerError...)</span>
                <span class="method-start">12073 ms</span>
              </div> <!-- configuration-method after -->
            </div> <!-- chronological-class -->
            <div class="chronological-class">
              <div class="chronological-class-name">com.expresscart.tests.CartFunctionalityTest</div> <!-- chronological-class-name -->
              <div class="test-method">
                <img src="failed.png">
                </img>
                <span class="method-name">testCartTotalCalculation</span>
                <span class="method-start">12803 ms</span>
              </div> <!-- test-method -->
              <div class="configuration-method after">
                <span class="method-name">tearDown([TestResult name=testCartTotalCalculation status=FAILURE method=CartFunctionalityTest.testCartTotalC...)</span>
                <span class="method-start">15501 ms</span>
              </div> <!-- configuration-method after -->
              <div class="configuration-method before">
                <span class="method-name">setUp(chrome, false)</span>
                <span class="method-start">15964 ms</span>
              </div> <!-- configuration-method before -->
              <div class="test-method">
                <img src="failed.png">
                </img>
                <span class="method-name">testMaxQuantityLimit</span>
                <span class="method-start">17162 ms</span>
              </div> <!-- test-method -->
              <div class="configuration-method after">
                <span class="method-name">tearDown([TestResult name=testMaxQuantityLimit status=FAILURE method=CartFunctionalityTest.testMaxQuantityLim...)</span>
                <span class="method-start">19705 ms</span>
              </div> <!-- configuration-method after -->
              <div class="configuration-method before">
                <span class="method-name">setUp(chrome, false)</span>
                <span class="method-start">20229 ms</span>
              </div> <!-- configuration-method before -->
              <div class="test-method">
                <img src="failed.png">
                </img>
                <span class="method-name">testRemoveProductFromCart</span>
                <span class="method-start">23496 ms</span>
              </div> <!-- test-method -->
              <div class="configuration-method after">
                <span class="method-name">tearDown([TestResult name=testRemoveProductFromCart status=FAILURE method=CartFunctionalityTest.testRemovePro...)</span>
                <span class="method-start">32357 ms</span>
              </div> <!-- configuration-method after -->
          </div> <!-- main-panel-content rounded-window-bottom -->
        </div> <!-- panel -->
      </div> <!-- main-panel-root -->
    </div> <!-- wrapper -->
  </body>
<script type="text/javascript" src="testng-reports2.js"></script>
</html>
